22/05/2016 11:26:52 AM	This log contains information about the import schema operation into project 'BDictionary.Database' on computer 'LUBO' by user 'lubo.aleksandrov'.
22/05/2016 11:26:52 AM	Import of database schema has started.
22/05/2016 11:26:53 AM	Gathering database options
22/05/2016 11:26:53 AM	Gathering users
22/05/2016 11:26:53 AM	Gathering roles
22/05/2016 11:26:53 AM	Gathering application roles
22/05/2016 11:26:53 AM	Gathering role memberships
22/05/2016 11:26:53 AM	Gathering filegroups
22/05/2016 11:26:53 AM	Gathering full-text catalogs
22/05/2016 11:26:53 AM	Gathering assemblies
22/05/2016 11:26:53 AM	Gathering certificates
22/05/2016 11:26:53 AM	Gathering asymmetric keys
22/05/2016 11:26:53 AM	Gathering symmetric keys
22/05/2016 11:26:53 AM	Gathering encrypted symmetric keys
22/05/2016 11:26:53 AM	Gathering schemas
22/05/2016 11:26:53 AM	Gathering XML schema collections
22/05/2016 11:26:53 AM	Gathering user-defined data types
22/05/2016 11:26:53 AM	Gathering user-defined types
22/05/2016 11:26:53 AM	Gathering table types
22/05/2016 11:26:53 AM	Gathering unique keys for table types
22/05/2016 11:26:53 AM	Gathering primary keys for table types
22/05/2016 11:26:53 AM	Gathering indexes for table types
22/05/2016 11:26:53 AM	Gathering check constraints for table types
22/05/2016 11:26:53 AM	Gathering default constraints for table types
22/05/2016 11:26:53 AM	Gathering partition functions
22/05/2016 11:26:53 AM	Gathering partition schemes
22/05/2016 11:26:53 AM	Gathering functions
22/05/2016 11:26:53 AM	Gathering encrypted functions
22/05/2016 11:26:53 AM	Gathering aggregates
22/05/2016 11:26:53 AM	Gathering procedures
22/05/2016 11:26:53 AM	Gathering encrypted procedures
22/05/2016 11:26:53 AM	Gathering tables
22/05/2016 11:26:53 AM	Gathering primary keys
22/05/2016 11:26:53 AM	Gathering unique constraints
22/05/2016 11:26:53 AM	Gathering foreign keys
22/05/2016 11:26:53 AM	Gathering default constraints
22/05/2016 11:26:53 AM	Gathering check constraints
22/05/2016 11:26:53 AM	Gathering views
22/05/2016 11:26:53 AM	Gathering encrypted views
22/05/2016 11:26:53 AM	Gathering indexes
22/05/2016 11:26:53 AM	Gathering statistics
22/05/2016 11:26:53 AM	Gathering full-text index stoplists
22/05/2016 11:26:53 AM	Gathering search property lists
22/05/2016 11:26:53 AM	Gathering search properties
22/05/2016 11:26:53 AM	Gathering full-text indexes
22/05/2016 11:26:53 AM	Gathering column store indexes
22/05/2016 11:26:53 AM	Gathering spatial indexes
22/05/2016 11:26:53 AM	Gathering XML indexes
22/05/2016 11:26:53 AM	Gathering Selective XML indexes
22/05/2016 11:26:53 AM	Gathering encrypted triggers
22/05/2016 11:26:53 AM	Gathering triggers
22/05/2016 11:26:53 AM	Gathering encrypted and clr ddl triggers
22/05/2016 11:26:53 AM	Gathering ddl triggers
22/05/2016 11:26:53 AM	Gathering synonyms
22/05/2016 11:26:53 AM	Gathering defaults
22/05/2016 11:26:53 AM	Gathering data constraint uddt bindings
22/05/2016 11:26:53 AM	Gathering rules
22/05/2016 11:26:53 AM	Gathering data constraint uddt bindings
22/05/2016 11:26:53 AM	Gathering message types
22/05/2016 11:26:53 AM	Gathering queues
22/05/2016 11:26:53 AM	Gathering contracts
22/05/2016 11:26:53 AM	Gathering services
22/05/2016 11:26:53 AM	Gathering event notifications
22/05/2016 11:26:53 AM	Gathering remote service bindings
22/05/2016 11:26:53 AM	Gathering broker priorities
22/05/2016 11:26:53 AM	Gathering signatures
22/05/2016 11:26:53 AM	Gathering data compression options
22/05/2016 11:26:53 AM	Gathering sequence types
22/05/2016 11:26:53 AM	Gathering extended properties
22/05/2016 11:26:53 AM	Gathering credentials
22/05/2016 11:26:53 AM	Gathering logins
22/05/2016 11:26:53 AM	Gathering server audits
22/05/2016 11:26:53 AM	Finished importing database.
22/05/2016 11:26:53 AM	A summary of the import was saved to the following location: c:\users\lubo.aleksandrov\documents\visual studio 2015\Projects\BDictionary\BDictionary.Database\Import Schema Logs\BDictionary.Database_20160522082652.log
22/05/2016 11:26:53 AM	Click Finish to continue...
